<?xml version="1.0" encoding="UTF-8"?>
<!-- Generated by org.testng.reporters.JUnitXMLReporter -->
<testsuite hostname="PC" ignored="8" name="FilrefoxTest" tests="0" failures="0" timestamp="2020-02-09T22:56:25 PST" time="116.512" errors="0">
  <testcase name="@BeforeTest newDriver" time="0.0" classname="resources.DriverSource">
    <ignored/>
  </testcase> <!-- @BeforeTest newDriver -->
  <testcase name="@BeforeTest newDriver" time="0.0" classname="resources.DriverSource">
    <ignored/>
  </testcase> <!-- @BeforeTest newDriver -->
  <testcase name="@BeforeTest newDriver" time="0.0" classname="resources.DriverSource">
    <ignored/>
  </testcase> <!-- @BeforeTest newDriver -->
  <testcase name="@AfterSuite closeWindow" time="0.0" classname="resources.DriverSource">
    <ignored/>
  </testcase> <!-- @AfterSuite closeWindow -->
  <testcase name="@AfterSuite closeWindow" time="0.0" classname="resources.DriverSource">
    <ignored/>
  </testcase> <!-- @AfterSuite closeWindow -->
  <testcase name="@AfterSuite closeWindow" time="0.0" classname="resources.DriverSource">
    <ignored/>
  </testcase> <!-- @AfterSuite closeWindow -->
  <testcase name="@BeforeTest verifyLogin" time="0.0" classname="testResources.TestManager">
    <ignored/>
  </testcase> <!-- @BeforeTest verifyLogin -->
  <testcase name="@BeforeSuite beforeSuite" time="0.0" classname="utils.Reporting">
    <ignored/>
  </testcase> <!-- @BeforeSuite beforeSuite -->
</testsuite> <!-- FilrefoxTest -->
