<?xml version="1.0" encoding="UTF-8"?>
<!-- Generated by org.testng.reporters.JUnitXMLReporter -->
<testsuite hostname="PC" ignored="0" name="Test" tests="1" failures="1" timestamp="2020-02-14T01:51:55 PST" time="37.218" errors="0">
  <testcase name="@AfterMethod afterMethod" time="0.006" classname="testResources.TestManager">
    <failure type="java.lang.NullPointerException">
      <![CDATA[java.lang.NullPointerException
at testResources.TestManager.afterMethod(TestManager.java:127)
at java.util.ArrayList.forEach(Unknown Source)
... Removed 32 stack frames]]>
    </failure>
  </testcase> <!-- @AfterMethod afterMethod -->
  <testcase name="VerifyElement" time="18.109" classname="bmf.testcases.VerifyAddCart">
    <failure type="java.lang.Error" message="Unresolved compilation problems: 
	wait cannot be resolved
	wait cannot be resolved
">
      <![CDATA[java.lang.Error: Unresolved compilation problems: 
wait cannot be resolved
wait cannot be resolved

at pages.BasePage.selectElements(BasePage.java:35)
at pages.ChairsPage.chairDetails(ChairsPage.java:48)
at bmf.testcases.VerifyAddCart.VerifyElement(VerifyAddCart.java:19)
at java.util.ArrayList.forEach(Unknown Source)
... Removed 27 stack frames]]>
    </failure>
  </testcase> <!-- VerifyElement -->
</testsuite> <!-- Test -->
