<?xml version="1.0" encoding="UTF-8"?>
<testng-results skipped="0" failed="1" ignored="0" total="1" passed="0">
  <reporter-output>
  </reporter-output>
  <suite name="Default suite" duration-ms="131596" started-at="2020-02-05T22:18:02 PST" finished-at="2020-02-05T22:20:13 PST">
    <groups>
    </groups>
    <test name="Default test" duration-ms="131596" started-at="2020-02-05T22:18:02 PST" finished-at="2020-02-05T22:20:13 PST">
      <class name="bmf.testcases.AddMultipleItemsWishlist">
        <test-method status="PASS" signature="newDriver()[pri:0, instance:bmf.testcases.AddMultipleItemsWishlist@17d677df]" name="newDriver" is-config="true" duration-ms="3210" started-at="2020-02-05T22:18:02 PST" finished-at="2020-02-05T22:18:05 PST">
          <reporter-output>
          </reporter-output>
        </test-method> <!-- newDriver -->
        <test-method status="PASS" signature="verifyLogin()[pri:0, instance:bmf.testcases.AddMultipleItemsWishlist@17d677df]" name="verifyLogin" is-config="true" duration-ms="105188" started-at="2020-02-05T22:18:05 PST" depends-on-methods="resources.DriverSource.newDriver" finished-at="2020-02-05T22:19:50 PST">
          <reporter-output>
          </reporter-output>
        </test-method> <!-- verifyLogin -->
        <test-method status="FAIL" signature="verifyWishList()[pri:0, instance:bmf.testcases.AddMultipleItemsWishlist@17d677df]" name="verifyWishList" duration-ms="23097" started-at="2020-02-05T22:19:50 PST" finished-at="2020-02-05T22:20:13 PST">
          <exception class="java.lang.NullPointerException">
            <full-stacktrace>
              <![CDATA[java.lang.NullPointerException
at java.util.Objects.requireNonNull(Unknown Source)
at org.openqa.selenium.support.ui.FluentWait.<init>(FluentWait.java:106)
at org.openqa.selenium.support.ui.WebDriverWait.<init>(WebDriverWait.java:85)
at org.openqa.selenium.support.ui.WebDriverWait.<init>(WebDriverWait.java:45)
at pages.WishListPage.addToWIshList(WishListPage.java:31)
at bmf.testcases.AddMultipleItemsWishlist.verifyWishList(AddMultipleItemsWishlist.java:24)
at sun.reflect.NativeMethodAccessorImpl.invoke0(Native Method)
at sun.reflect.NativeMethodAccessorImpl.invoke(Unknown Source)
at sun.reflect.DelegatingMethodAccessorImpl.invoke(Unknown Source)
at java.lang.reflect.Method.invoke(Unknown Source)
at org.testng.internal.MethodInvocationHelper.invokeMethod(MethodInvocationHelper.java:134)
at org.testng.internal.TestInvoker.invokeMethod(TestInvoker.java:597)
at org.testng.internal.TestInvoker.invokeTestMethod(TestInvoker.java:173)
at org.testng.internal.MethodRunner.runInSequence(MethodRunner.java:46)
at org.testng.internal.TestInvoker$MethodInvocationAgent.invoke(TestInvoker.java:816)
at org.testng.internal.TestInvoker.invokeTestMethods(TestInvoker.java:146)
at org.testng.internal.TestMethodWorker.invokeTestMethods(TestMethodWorker.java:146)
at org.testng.internal.TestMethodWorker.run(TestMethodWorker.java:128)
at java.util.ArrayList.forEach(Unknown Source)
at org.testng.TestRunner.privateRun(TestRunner.java:766)
at org.testng.TestRunner.run(TestRunner.java:587)
at org.testng.SuiteRunner.runTest(SuiteRunner.java:384)
at org.testng.SuiteRunner.runSequentially(SuiteRunner.java:378)
at org.testng.SuiteRunner.privateRun(SuiteRunner.java:337)
at org.testng.SuiteRunner.run(SuiteRunner.java:286)
at org.testng.SuiteRunnerWorker.runSuite(SuiteRunnerWorker.java:53)
at org.testng.SuiteRunnerWorker.run(SuiteRunnerWorker.java:96)
at org.testng.TestNG.runSuitesSequentially(TestNG.java:1187)
at org.testng.TestNG.runSuitesLocally(TestNG.java:1109)
at org.testng.TestNG.runSuites(TestNG.java:1039)
at org.testng.TestNG.run(TestNG.java:1007)
at org.testng.remote.AbstractRemoteTestNG.run(AbstractRemoteTestNG.java:115)
at org.testng.remote.RemoteTestNG.initAndRun(RemoteTestNG.java:251)
at org.testng.remote.RemoteTestNG.main(RemoteTestNG.java:77)
]]>
            </full-stacktrace>
          </exception> <!-- java.lang.NullPointerException -->
          <reporter-output>
          </reporter-output>
        </test-method> <!-- verifyWishList -->
        <test-method status="PASS" signature="closeWindow()[pri:0, instance:bmf.testcases.AddMultipleItemsWishlist@17d677df]" name="closeWindow" is-config="true" duration-ms="241" started-at="2020-02-05T22:20:13 PST" finished-at="2020-02-05T22:20:14 PST">
          <reporter-output>
          </reporter-output>
        </test-method> <!-- closeWindow -->
      </class> <!-- bmf.testcases.AddMultipleItemsWishlist -->
    </test> <!-- Default test -->
  </suite> <!-- Default suite -->
</testng-results>
